
=== Fri Oct 26 15:50:50 2018

Packages were changed.
Update Mode: updateDependencies

The following packages were added:
  com.unity.collab-proxy@1.2.11
The following packages were updated:
  com.unity.package-manager-ui from version 1.9.11 to 2.0.2

=== Tue Dec 18 15:20:54 2018

Packages were changed.
Update Mode: updateDependencies

The following packages were updated:
  com.unity.collab-proxy from version 1.2.11 to 1.2.15

=== Mon Jun 24 02:46:39 2019

Packages were changed.
Update Mode: updateDependencies

The following packages were updated:
  com.unity.textmeshpro from version 1.3.0 to 1.4.1

=== Mon Jun 24 02:51:13 2019

Packages were changed.
Update Mode: updateDependencies

The following packages were added:
  com.unity.timeline@1.0.0
  com.unity.multiplayer-hlapi@1.0.2
  com.unity.xr.legacyinputhelpers@2.0.2
The following packages were updated:
  com.unity.cinemachine from version 2.2.9 to 2.3.3
  com.unity.package-manager-ui from version 2.0.7 to 2.1.2
  com.unity.render-pipelines.lightweight from version 4.10.0-preview to 5.7.2
  com.unity.textmeshpro from version 1.4.1 to 2.0.1
